timestamp: 2021-04-24T13:51:21.774614
CREATE TABLE "py4web_session"(
    "id" INTEGER PRIMARY KEY AUTOINCREMENT,
    "rkey" CHAR(512),
    "rvalue" TEXT,
    "expiration" INTEGER,
    "created_on" TIMESTAMP,
    "expires_on" TIMESTAMP
);
success!
timestamp: 2021-04-24T13:51:21.807577
CREATE TABLE "auth_user"(
    "id" INTEGER PRIMARY KEY AUTOINCREMENT,
    "email" CHAR(512) UNIQUE,
    "password" CHAR(512),
    "first_name" CHAR(512),
    "last_name" CHAR(512),
    "sso_id" CHAR(512),
    "action_token" CHAR(512),
    "last_password_change" TIMESTAMP,
    "past_passwords_hash" TEXT
);
success!
timestamp: 2021-04-24T13:51:21.831632
CREATE TABLE "auth_user_tag_groups"(
    "id" INTEGER PRIMARY KEY AUTOINCREMENT,
    "path" CHAR(512),
    "record_id" INTEGER REFERENCES "auth_user" ("id") ON DELETE CASCADE  
);
success!
timestamp: 2021-04-24T14:05:50.922081
CREATE TABLE "contact"(
    "id" INTEGER PRIMARY KEY AUTOINCREMENT,
    "first_name" CHAR(512),
    "last_name" CHAR(512)
);
success!
timestamp: 2021-04-25T17:31:09.115167
ALTER TABLE "contact" ADD "user_email" CHAR(512);
success!
timestamp: 2021-04-25T17:54:41.017458
CREATE TABLE "phone"(
    "id" INTEGER PRIMARY KEY AUTOINCREMENT,
    "phone_number" CHAR(512),
    "phone_name" CHAR(512),
    "user_email" CHAR(512)
);
success!
timestamp: 2021-04-25T18:20:10.304752
ALTER TABLE "phone" ADD "contact_id" INTEGER REFERENCES "contact" ("id") ON DELETE CASCADE  ;
success!
success!
success!
success!
success!
success!
success!
success!
success!
success!
success!
success!
success!
success!
success!
success!
success!
success!
success!
success!
success!
success!
success!
success!
success!
success!
success!
success!
success!
success!
success!
success!
success!
success!
success!
success!
success!
success!
success!
success!
success!
success!
success!
success!
success!
success!
success!
success!
success!
success!
success!
success!
success!
success!
success!
success!
success!
success!
success!
success!
success!
success!
success!
success!
success!
success!
success!
success!
success!
success!
success!
success!
success!
success!
success!
success!
success!
success!
success!
success!
success!
success!
success!
success!
success!
success!
success!
success!
success!
success!
success!
success!
success!
success!
success!
success!
success!
success!
success!
success!
success!
success!
success!
success!
success!
success!
success!
success!
success!
success!
success!
success!
success!
success!
success!
success!
success!
success!
success!
success!
success!
success!
success!
success!
success!
success!
success!
success!
success!
success!
success!
success!
success!
success!
success!
success!
success!
success!
success!
success!
success!
success!
success!
success!
success!
success!
success!
success!
success!
success!
success!
success!
success!
success!
success!
success!
success!
success!
success!
success!
success!
success!
success!
success!
timestamp: 2021-04-27T18:55:33.208645
CREATE TABLE "catalog_class"(
    "id" INTEGER PRIMARY KEY AUTOINCREMENT,
    "number" CHAR(512),
    "name" CHAR(512),
    "description" TEXT
);
success!
timestamp: 2021-04-27T18:55:33.223075
CREATE TABLE "quarter"(
    "id" INTEGER PRIMARY KEY AUTOINCREMENT,
    "year" INTEGER,
    "season" CHAR(512)
);
success!
timestamp: 2021-04-27T18:55:33.237039
CREATE TABLE "class_offering"(
    "id" INTEGER PRIMARY KEY AUTOINCREMENT,
    "catalog_class_id" INTEGER REFERENCES "catalog_class" ("id") ON DELETE CASCADE  ,
    "quarter_id" INTEGER REFERENCES "quarter" ("id") ON DELETE CASCADE  ,
    "number" INTEGER,
    "active" CHAR(1)
);
success!
timestamp: 2021-04-27T18:55:33.249005
CREATE TABLE "student"(
    "id" INTEGER PRIMARY KEY AUTOINCREMENT,
    "email" CHAR(512),
    "first_name" CHAR(512),
    "last_name" CHAR(512),
    "suid" CHAR(512)
);
success!
timestamp: 2021-04-27T18:55:33.263051
CREATE TABLE "registration"(
    "id" INTEGER PRIMARY KEY AUTOINCREMENT,
    "student_id" INTEGER REFERENCES "student" ("id") ON DELETE CASCADE  ,
    "class_offering_id" INTEGER REFERENCES "class_offering" ("id") ON DELETE CASCADE  ,
    "is_waitlist" CHAR(1),
    "waitlist_pos" INTEGER,
    "note" TEXT,
    "registration_date" TIMESTAMP
);
success!
success!
success!
timestamp: 2021-04-27T19:02:42.220123
ALTER TABLE "quarter" ADD "name" CHAR(512);
success!
success!
success!
success!
success!
success!
success!
success!
success!
success!
success!
success!
success!
success!
success!
success!
success!
success!
success!
success!
success!
success!
success!
success!
success!
success!
success!
success!
success!
success!
success!
success!
success!
success!
success!
success!
success!
success!
success!
success!
success!
success!
success!
success!
success!
success!
success!
success!
success!
success!
success!
success!
success!
success!
success!
success!
success!
success!
timestamp: 2021-04-27T21:48:49.832840
ALTER TABLE "phone" ADD "user" INTEGER REFERENCES "contact" ("id") ON DELETE CASCADE  ;
success!
success!
success!
success!
success!
success!
success!
success!
success!
success!
success!
success!
success!
success!
success!
success!
success!
success!
success!
success!
success!
success!
success!
success!
success!
success!
success!
success!
success!
success!
success!
success!
success!
success!
success!
success!
success!
success!
success!
success!
success!
success!
success!
success!
success!
success!
success!
success!
success!
success!
success!
success!
success!
success!
success!
success!
success!
success!
success!
success!
success!
success!
success!
success!
success!
success!
success!
success!
success!
success!
success!
success!
success!
success!
success!
success!
success!
success!
success!
success!
success!
success!
success!
success!
success!
success!
success!
success!
success!
success!
success!
success!
success!
success!
success!
success!
success!
success!
success!
success!
success!
success!
success!
success!
success!
success!
success!
success!
success!
success!
success!
success!
success!
success!
success!
success!
success!
success!
success!
success!
success!
success!
success!
success!
success!
success!
success!
success!
success!
success!
success!
success!
success!
success!
success!
success!
success!
success!
success!
success!
success!
success!
success!
success!
success!
success!
success!
success!
success!
success!
success!
success!
success!
success!
success!
success!
success!
success!
success!
success!
success!
success!
success!
success!
success!
success!
success!
success!
success!
success!
success!
success!
success!
success!
success!
success!
success!
success!
success!
success!
success!
success!
success!
success!
success!
success!
success!
success!
success!
success!
success!
success!
success!
success!
success!
success!
success!
success!
success!
success!
success!
success!
success!
success!
success!
success!
success!
success!
success!
success!
success!
success!
success!
success!
success!
success!
success!
success!
success!
success!
success!
success!
success!
success!
success!
success!
success!
success!
success!
success!
success!
success!
success!
success!
success!
success!
success!
success!
success!
success!
success!
success!
success!
success!
success!
success!
success!
success!
success!
success!
success!
success!
success!
success!
success!
success!
success!
success!
success!
success!
success!
success!
success!
success!
success!
success!
success!
success!
success!
success!
success!
success!
success!
success!
success!
success!
success!
success!
success!
success!
success!
success!
success!
success!
success!
success!
success!
success!
success!
success!
success!
success!
success!
success!
success!
success!
success!
success!
success!
success!
success!
success!
success!
success!
success!
success!
success!
success!
success!
success!
success!
success!
success!
success!
success!
success!
success!
success!
success!
success!
